<?xml version="1.0" encoding="UTF-8"?>
<!-- Generated by org.testng.reporters.JUnitReportReporter -->
<testsuite hostname="WKSPUN05GTR0525" failures="0" tests="4" name="runner.TestRunner" time="196.317" errors="0" timestamp="2025-10-20T15:19:18 IST" skipped="0">
  <testcase classname="runner.TestRunner" name="runScenario" time="69.960"/>
  <testcase classname="runner.TestRunner" name="runScenario" time="44.433"/>
  <testcase classname="runner.TestRunner" name="runScenario" time="40.614"/>
  <testcase classname="runner.TestRunner" name="runScenario" time="41.310"/>
</testsuite> <!-- runner.TestRunner -->
