<?xml version="1.0" encoding="UTF-8"?>
<!-- Generated by org.testng.reporters.JUnitReportReporter -->
<testsuite hostname="WKSPUN05GTR0525" failures="0" tests="4" name="runner.TestRunner" time="187.831" errors="0" timestamp="2025-10-16T18:04:05 IST" skipped="0">
  <testcase classname="runner.TestRunner" name="runScenario" time="42.457"/>
  <testcase classname="runner.TestRunner" name="runScenario" time="40.185"/>
  <testcase classname="runner.TestRunner" name="runScenario" time="39.110"/>
  <testcase classname="runner.TestRunner" name="runScenario" time="66.079"/>
</testsuite> <!-- runner.TestRunner -->
